<?xml version="1.0" encoding="UTF-8"?>
<!-- Generated by org.testng.reporters.JUnitXMLReporter -->
<testsuite ignored="0" hostname="LAPTOP-I9ERELAN" failures="0" tests="2" name="Test" time="67.948" errors="0" timestamp="2022-08-15T12:19:17 EET">
  <testcase classname="tests.TestBase" name="@AfterMethod setTestResult" time="0.0">
    <failure type="java.lang.Error" message="Unresolved compilation problem: 
	The method endTest(ExtentTest) in the type ExtentReports is not applicable for the arguments (ExtentReports)
">
      <![CDATA[java.lang.Error: Unresolved compilation problem: 
The method endTest(ExtentTest) in the type ExtentReports is not applicable for the arguments (ExtentReports)

at tests.TestBase.setTestResult(TestBase.java:80)
at java.base/java.util.ArrayList.forEach(ArrayList.java:1511)
... Removed 34 stack frames]]>
    </failure>
  </testcase> <!-- @AfterMethod setTestResult -->
  <testcase classname="tests.TestBase" name="@BeforeMethod setup" time="0.0">
    <skipped/>
  </testcase> <!-- @BeforeMethod setup -->
  <testcase classname="tests.FlowardTest" name="@BeforeMethod init" time="0.0">
    <skipped/>
  </testcase> <!-- @BeforeMethod init -->
  <testcase classname="tests.TestBase" name="@AfterMethod close" time="0.0">
    <skipped/>
  </testcase> <!-- @AfterMethod close -->
  <testcase classname="tests.TestBase" name="@AfterMethod setTestResult" time="0.0">
    <skipped/>
  </testcase> <!-- @AfterMethod setTestResult -->
  <testcase classname="tests.FlowardTest" name="AddToCartTest" time="60.5"/>
  <testcase classname="tests.FlowardTest" name="AddToCartTestFail" time="0.0">
    <skipped/>
  </testcase> <!-- AddToCartTestFail -->
</testsuite> <!-- Test -->
